make all --print-data-base --no-builtin-variables --no-builtin-rules --question
# GNU Make 4.1
# Built for x86_64-pc-linux-gnu
# Copyright (C) 1988-2014 Free Software Foundation, Inc.
# License GPLv3+: GNU GPL version 3 or later <http://gnu.org/licenses/gpl.html>
# This is free software: you are free to change and redistribute it.
# There is NO WARRANTY, to the extent permitted by law.

# Make data base, printed on Sun Mar 12 21:22:18 2023

# Variables

# 'override' directive
GNUMAKEFLAGS := 
# automatic
<D = $(patsubst %/,%,$(dir $<))
# automatic
?F = $(notdir $?)
# environment
STRINGS = /home/node10/anaconda3/bin/x86_64-conda-linux-gnu-strings
# makefile (from 'Makefile', line 7)
SGX_MODE = HW
# default
.SHELLFLAGS := -c
# environment
GPROF = /home/node10/anaconda3/bin/x86_64-conda-linux-gnu-gprof
# environment
VSCODE_AGENT_FOLDER = /home/node10/.vscode-server
# environment
OBJCOPY = /home/node10/anaconda3/bin/x86_64-conda-linux-gnu-objcopy
# environment
CPPFLAGS = -DNDEBUG -D_FORTIFY_SOURCE=2 -O2 -isystem /home/node10/anaconda3/include
# makefile (from 'Makefile', line 74)
App_Cpp_Objects := CryptoTestingApp/CryptoTestingApp.o CryptoTestingApp/Server.o CryptoTestingApp/Utils.o CryptoTestingApp/Client.o CryptoTestingApp/Data_User.o CryptoTestingApp/Data_Owner.o
# automatic
@D = $(patsubst %/,%,$(dir $@))
# environment
NEMU_HOME = /home/node10/wow/caspp/4/ics2020/nemu
# automatic
@F = $(notdir $@)
# default
MAKE_VERSION := 4.1
# makefile (from 'Makefile', line 45)
Urts_Library_Name := sgx_urts
# makefile
CURDIR := /home/node10/yangxu/ICDCS2023/FB-VFKS
# makefile
SHELL = /bin/sh
# environment
JRE_HOME = /usr/lib/jvm/java-8-openjdk-amd64/jre
# makefile (from 'Makefile', line 104)
CryptoEnclave_Name := CryptoEnclave.so
# makefile (from 'Makefile', line 84)
Service_Library_Name := sgx_tservice
# makefile (from 'Makefile', line 1)
SGXSSL_LIB_PATH = /opt/intel/sgxssl/lib64
# makefile (from 'Makefile', line 87)
CryptoEnclave_Cpp_Files := CryptoEnclave/CryptoEnclave.cpp CryptoEnclave/EnclaveUtils.cpp
# environment
VSCODE_NLS_CONFIG = {"locale":"en","availableLanguages":{}}
# environment
_ = /home/node10/.vscode-server/bin/5e805b79fcb6ba4c2d23712967df89a089da575b/node
# environment
CFLAGS = -march=nocona -mtune=haswell -ftree-vectorize -fPIC -fstack-protector-strong -fno-plt -O2 -ffunction-sections -pipe -isystem /home/node10/anaconda3/include
# automatic
?D = $(patsubst %/,%,$(dir $?))
# makefile (from 'Makefile', line 62)
App_C_Flags := -m64 -O2 -fPIC -Wno-attributes -IInclude -IApp -I/opt/intel/sgxsdk/include -I/usr/include -I/usr/include/openssl  -DNDEBUG -UEDEBUG -UDEBUG
# environment
MAVEN_HOME = /opt/maven/apache-maven-3.8.4
# makefile (from 'Makefile', line 1)
MAKEFILE_LIST :=  Makefile
# environment
GCC = /home/node10/anaconda3/bin/x86_64-conda-linux-gnu-gcc
# environment
GCC_NM = /home/node10/anaconda3/bin/x86_64-conda-linux-gnu-gcc-nm
# environment
ADDR2LINE = /home/node10/anaconda3/bin/x86_64-conda-linux-gnu-addr2line
# environment
DBUS_SESSION_BUS_ADDRESS = unix:path=/run/user/1000/bus
# environment
CC = /home/node10/anaconda3/bin/x86_64-conda-linux-gnu-cc
# makefile (from 'Makefile', line 86)
Crypto_Library_Name := sgx_tcrypto
# makefile (from 'Makefile', line 110)
Build_Mode = HW_RELEASE
# environment
_CONDA_PYTHON_SYSCONFIGDATA_NAME = _sysconfigdata_x86_64_conda_linux_gnu
# environment
LESSOPEN = | /bin/lesspipe %s
# environment
CPP = /home/node10/anaconda3/bin/x86_64-conda-linux-gnu-cpp
# environment
VSCODE_CWD = /home/node10
# environment
AM_HOME = /home/node10/wow/caspp/4/ics2020/abstract-machine
# makefile (from 'Makefile', line 6)
SGX_SDK = /opt/intel/sgxsdk
# environment
ELFEDIT = /home/node10/anaconda3/bin/x86_64-conda-linux-gnu-elfedit
# environment
SSH_CONNECTION = 10.181.229.125 57856 192.168.1.98 22
# environment
PATH = /home/node10/.vscode-server/bin/5e805b79fcb6ba4c2d23712967df89a089da575b/bin/remote-cli:/home/node10/.local/bin:/home/node10/anaconda3/bin:/home/node10/anaconda3/condabin:/bin:/bin:/usr/local/java/jdk1.8.0_271/bin:/opt/maven/apache-maven-3.8.4/bin:/usr/local/sbin:/usr/local/bin:/usr/sbin:/usr/bin:/sbin:/bin:/usr/games:/usr/local/games:/snap/bin:/home/node10/mpi/bin:/home/node10/mpi/include:/home/node10/mpi/lib:/home/node10/mpi/share:/home/node10/下载/clion-2021.3.3/bin:/home/node10/mpi/bin:/home/node10/mpi/include:/home/node10/mpi/lib:/home/node10/mpi/share:/usr/lib/jvm/java-8-openjdk-amd64/bin:/home/node10/GOROOT/bin:/home/node10/GOPATH/bin
# environment
LD = /home/node10/anaconda3/bin/x86_64-conda-linux-gnu-ld
# makefile (from 'Makefile', line 65)
App_Cpp_Flags := -m64 -O2 -fPIC -Wno-attributes -IInclude -IApp -I/opt/intel/sgxsdk/include -I/usr/include -I/usr/include/openssl  -DNDEBUG -UEDEBUG -UDEBUG -std=c++11
# environment
XDG_RUNTIME_DIR = /run/user/1000
# makefile (from 'Makefile', line 48)
App_Cpp_Files := CryptoTestingApp/CryptoTestingApp.cpp CryptoTestingApp/Server.cpp CryptoTestingApp/Utils.cpp CryptoTestingApp/Client.cpp CryptoTestingApp/Data_User.cpp CryptoTestingApp/Data_Owner.cpp
# makefile (from 'Makefile', line 103)
CryptoEnclave_Cpp_Objects := CryptoEnclave/CryptoEnclave.o CryptoEnclave/EnclaveUtils.o
# environment
LD_GOLD = /home/node10/anaconda3/bin/x86_64-conda-linux-gnu-ld.gold
# environment
GOPATH = /home/node10/GOPATH
# environment
CONDA_PREFIX = /home/node10/anaconda3
# environment
AR = /home/node10/anaconda3/bin/x86_64-conda-linux-gnu-ar
# environment
ELECTRON_RUN_AS_NODE = 1
# environment
LDFLAGS = -Wl,-O2 -Wl,--sort-common -Wl,--as-needed -Wl,-z,relro -Wl,-z,now -Wl,--disable-new-dtags -Wl,--gc-sections -Wl,-rpath,/home/node10/anaconda3/lib -Wl,-rpath-link,/home/node10/anaconda3/lib -L/home/node10/anaconda3/lib
# makefile (from 'Makefile', line 90)
CryptoEnclave_C_Flags := -m64 -O2 -nostdinc -fvisibility=hidden -fpie -fstack-protector -IInclude -ICryptoEnclave -I/opt/intel/sgxsdk/include -I/opt/intel/sgxsdk/include/libcxx -I/opt/intel/sgxsdk/include/tlibc -I/opt/intel/sgxssl/include -include "tsgxsslio.h" 
# default
.FEATURES := target-specific order-only second-expansion else-if shortest-stem undefine oneshell archives jobserver output-sync check-symlink load
# environment
CMAKE_PREFIX_PATH = /home/node10/anaconda3:/home/node10/anaconda3/x86_64-conda-linux-gnu/sysroot/usr
# makefile (from 'Makefile', line 71)
App_Link_Flags := -m64 -O2 -L/opt/intel/sgxsdk/lib64 -lsgx_urts -lpthread -lpcap -L/opt/intel/sgxssl/lib64 -lsgx_usgxssl -lssl -lcrypto -lgmp -lboost_serialization -lshe -lsgx_uae_service
# environment
LS_COLORS = 
# environment
SIZE = /home/node10/anaconda3/bin/x86_64-conda-linux-gnu-size
# automatic
%F = $(notdir $%)
# environment
CONDA_EXE = /home/node10/anaconda3/bin/conda
# environment
MPIPATH = /home/node10/mpi
# makefile (from 'Makefile', line 23)
SGX_LIBRARY_PATH := /opt/intel/sgxsdk/lib64
# environment
PWD = /home/node10/yangxu/ICDCS2023/FB-VFKS
# environment
VSCODE_IPC_HOOK_CLI = /run/user/1000/vscode-ipc-93637b82-11a0-4af7-adfa-7c1cb2c8bf0d.sock
# automatic
*D = $(patsubst %/,%,$(dir $*))
# environment
RANLIB = /home/node10/anaconda3/bin/x86_64-conda-linux-gnu-ranlib
# makefile (from 'Makefile', line 83)
Trts_Library_Name := sgx_trts
# environment
VSCODE_AMD_ENTRYPOINT = vs/workbench/api/node/extensionHostProcess
# environment
HOME = /home/node10
# environment
LESSCLOSE = /bin/lesspipe %s %s
# environment
LOGNAME = node10
# environment
APPLICATION_INSIGHTS_NO_DIAGNOSTIC_CHANNEL = 1
# environment
CONDA_PROMPT_MODIFIER = (base) 
# environment
build_alias = x86_64-conda-linux-gnu
# automatic
+F = $(notdir $+)
# environment
CXXFILT = /home/node10/anaconda3/bin/x86_64-conda-linux-gnu-c++filt
# makefile (from 'Makefile', line 91)
CryptoEnclave_Cpp_Flags := -m64 -O2 -nostdinc -fvisibility=hidden -fpie -fstack-protector -IInclude -ICryptoEnclave -I/opt/intel/sgxsdk/include -I/opt/intel/sgxsdk/include/libcxx -I/opt/intel/sgxsdk/include/tlibc -I/opt/intel/sgxssl/include -include "tsgxsslio.h"  -std=c++11 -nostdinc++
# environment
VSCODE_HANDLES_UNCAUGHT_ERRORS = true
# automatic
^D = $(patsubst %/,%,$(dir $^))
# makefile (from 'Makefile', line 49)
App_Include_Paths := -IInclude -IApp -I/opt/intel/sgxsdk/include -I/usr/include -I/usr/include/openssl 
# environment
MAKELEVEL := 0
# environment
CONDA_DEFAULT_ENV = base
# default
MAKE = $(MAKE_COMMAND)
# default
MAKECMDGOALS := all
# makefile (from 'Makefile', line 106)
CryptoEnclave_Config_File := CryptoEnclave/CryptoEnclave.config.xml
# environment
SHLVL = 3
# environment
NM = /home/node10/anaconda3/bin/x86_64-conda-linux-gnu-nm
# environment
AS = /home/node10/anaconda3/bin/x86_64-conda-linux-gnu-as
# environment
GCC_AR = /home/node10/anaconda3/bin/x86_64-conda-linux-gnu-gcc-ar
# environment
JAVA_HOME = /usr/lib/jvm/java-8-openjdk-amd64
# environment
XDG_SESSION_ID = 922
# environment
USER = node10
# makefile (from 'Makefile', line 93)
CryptoEnclave_Link_Flags := -m64 -O2 -Wl,--no-undefined -nostdlib -nodefaultlibs -nostartfiles -L/opt/intel/sgxsdk/lib64 -L/opt/intel/sgxssl/lib64 -Wl,--whole-archive -lsgx_trts -Wl,--no-whole-archive -Wl,--start-group -lsgx_tstdc -lsgx_tcxx -lsgx_tcrypto -lsgx_tservice -Wl,--whole-archive -lsgx_tsgxssl -Wl,--no-whole-archive -lsgx_tsgxssl_crypto -Wl,--end-group -Wl,-Bstatic -Wl,-Bsymbolic -Wl,--no-undefined -Wl,-pie,-eenclave_entry -Wl,--export-dynamic -Wl,--defsym,__ImageBase=0 -Wl,--version-script=CryptoEnclave/CryptoEnclave.lds
# makefile
.DEFAULT_GOAL := all
# environment
GOROOT = /home/node10/GOROOT
# environment
CLASSPATH = .:/usr/lib/jvm/java-8-openjdk-amd64/lib:/usr/lib/jvm/java-8-openjdk-amd64/jre/lib
# environment
CONDA_BUILD_SYSROOT = /home/node10/anaconda3/x86_64-conda-linux-gnu/sysroot
# automatic
%D = $(patsubst %/,%,$(dir $%))
# environment
MPIPATHSHARE = /home/node10/mpi/share
# environment
READELF = /home/node10/anaconda3/bin/x86_64-conda-linux-gnu-readelf
# environment
CONDA_SHLVL = 1
# default
MAKE_COMMAND := make
# environment
MPIPATHBIN = /home/node10/mpi/bin
# environment
OLDPWD = /home/node10/.vscode-server/bin/5e805b79fcb6ba4c2d23712967df89a089da575b
# makefile (from 'Makefile', line 8)
SGX_ARCH = x64
# default
.VARIABLES := 
# automatic
*F = $(notdir $*)
# environment
LANGUAGE = zh_CN:zh
# makefile (from 'Makefile', line 37)
SGX_COMMON_CFLAGS := -m64 -O2
# makefile
MAKEFLAGS = pqrR
# environment
MFLAGS = -pqrR
# environment
SSH_CLIENT = 10.181.229.125 57856 22
# environment
MAIL = /var/mail/node10
# makefile (from 'Makefile', line 2)
SGXSSL_INCLUDE_PATH = /opt/intel/sgxssl/include
# automatic
+D = $(patsubst %/,%,$(dir $+))
# environment
OBJDUMP = /home/node10/anaconda3/bin/x86_64-conda-linux-gnu-objdump
# environment
BROWSER = /home/node10/.vscode-server/bin/5e805b79fcb6ba4c2d23712967df89a089da575b/bin/helpers/browser.sh
# environment
STRIP = /home/node10/anaconda3/bin/x86_64-conda-linux-gnu-strip
# environment
VSCODE_HANDLES_SIGPIPE = true
# makefile (from 'Makefile', line 88)
CryptoEnclave_Include_Paths := -IInclude -ICryptoEnclave -I/opt/intel/sgxsdk/include -I/opt/intel/sgxsdk/include/libcxx -I/opt/intel/sgxsdk/include/tlibc -I/opt/intel/sgxssl/include -include "tsgxsslio.h" 
# default
MAKEFILES := 
# environment
BUILD = x86_64-conda-linux-gnu
# makefile (from 'Makefile', line 25)
SGX_EDGER8R := /opt/intel/sgxsdk/bin/x64/sgx_edger8r
# automatic
<F = $(notdir $<)
# environment
CMAKE_ARGS = -DCMAKE_LINKER=/home/node10/anaconda3/bin/x86_64-conda-linux-gnu-ld -DCMAKE_STRIP=/home/node10/anaconda3/bin/x86_64-conda-linux-gnu-strip
# environment
MPIPATHINCLUDE = /home/node10/mpi/include
# makefile (from 'Makefile', line 76)
 
App_Name := cryptoTestingApp
# environment
MPIPATHLIB = /home/node10/mpi/lib
# environment
LC_ALL = C
# environment
CONDA_PYTHON_EXE = /home/node10/anaconda3/bin/python
# environment
DEBUG_CPPFLAGS = -D_DEBUG -D_FORTIFY_SOURCE=2 -Og -isystem /home/node10/anaconda3/include
# automatic
^F = $(notdir $^)
# default
SUFFIXES := 
# environment
_CE_M = 
# makefile (from 'Makefile', line 24)
SGX_ENCLAVE_SIGNER := /opt/intel/sgxsdk/bin/x64/sgx_sign
# environment
DEBUG_CFLAGS = -march=nocona -mtune=haswell -ftree-vectorize -fPIC -fstack-protector-all -fno-plt -Og -g -Wall -Wextra -fvar-tracking-assignments -ffunction-sections -pipe -isystem /home/node10/anaconda3/include
# environment
host_alias = x86_64-conda-linux-gnu
# default
.INCLUDE_DIRS = /usr/include /usr/local/include /usr/include
# makefile (from 'Makefile', line 105)
Signed_CryptoEnclave_Name := CryptoEnclave.signed.so
# default
.RECIPEPREFIX := 
# default
MAKE_HOST := x86_64-pc-linux-gnu
# environment
CC_FOR_BUILD = /home/node10/anaconda3/bin/x86_64-conda-linux-gnu-cc
# environment
GCC_RANLIB = /home/node10/anaconda3/bin/x86_64-conda-linux-gnu-gcc-ranlib
# environment
LANG = C
# environment
_CE_CONDA = 
# environment
HOST = x86_64-conda-linux-gnu
# variable set hash-table stats:
# Load=151/1024=15%, Rehash=0, Collisions=42/245=17%

# Pattern-specific Variable Values

# No pattern-specific variable values.

# Directories

# CryptoEnclave (device 66306, inode 3129491): 14 files, no impossibilities.
# . (device 66306, inode 3129488): 24 files, no impossibilities.
# CryptoTestingApp (device 66306, inode 3129492): 24 files, no impossibilities.

# 62 files, no impossibilities in 3 directories.

# Implicit Rules

CryptoTestingApp/%.o: CryptoTestingApp/%.cpp
#  recipe to execute (from 'Makefile', line 143):
	@$(CXX) $(App_Cpp_Flags) -c $< -o $@
	@echo "CXX  <=  $<"

CryptoEnclave/%.o: CryptoEnclave/%.cpp
#  recipe to execute (from 'Makefile', line 157):
	@$(CXX) $(CryptoEnclave_Cpp_Flags) -c $< -o $@
	@echo "CXX  <=  $<"

# 2 implicit rules, 0 (0.0%) terminal.

# Files

CryptoTestingApp/CryptoEnclave_u.o: CryptoTestingApp/CryptoEnclave_u.c
#  Implicit rule search has not been done.
#  Last modified 2023-02-09 19:52:37.778939016
#  File has been updated.
#  Successfully updated.
#  recipe to execute (from 'Makefile', line 140):
	@$(CC) $(App_C_Flags) -c $< -o $@
	@echo "CC   <=  $<"

# Not a target:
CryptoTestingApp/Data_User.cpp:
#  Implicit rule search has been done.
#  Last modified 2023-02-09 19:52:37.782939077
#  File has been updated.
#  Successfully updated.

all: cryptoTestingApp CryptoEnclave.so
#  Phony target (prerequisite of .PHONY).
#  Command line target.
#  Implicit rule search has not been done.
#  File does not exist.
#  File has been updated.
#  Needs to be updated (-q is set).
# variable set hash-table stats:
# Load=0/32=0%, Rehash=0, Collisions=0/5=0%
#  recipe to execute (from 'Makefile', line 119):
	@echo "The project has been built in release hardware mode."
	@echo "Please sign the $(CryptoEnclave_Name) first with your signing key before you run the $(App_Name) to launch and access the enclave."
	@echo "To sign the enclave use the command:"
	@echo "   $(SGX_ENCLAVE_SIGNER) sign -key <your key> -enclave $(CryptoEnclave_Name) -out <$(Signed_CryptoEnclave_Name)> -config $(CryptoEnclave_Config_File)"
	@echo "You can also sign the enclave using an external signing tool. See User's Guide for more details."
	@echo "To build the project in simulation mode set SGX_MODE=SIM. To build the project in prerelease mode set SGX_PRERELEASE=1 and SGX_MODE=HW."

.PHONY: all run clean
#  Implicit rule search has not been done.
#  Modification time never checked.
#  File has not been updated.

# Not a target:
CryptoEnclave/EnclaveUtils.o:
#  Implicit rule search has not been done.
#  Modification time never checked.
#  File has not been updated.

CryptoEnclave/CryptoEnclave_t.c: /opt/intel/sgxsdk/bin/x64/sgx_edger8r CryptoEnclave/CryptoEnclave.edl
#  Implicit rule search has not been done.
#  Modification time never checked.
#  File has not been updated.
#  recipe to execute (from 'Makefile', line 151):
	@cd CryptoEnclave && $(SGX_EDGER8R) --trusted ../CryptoEnclave/CryptoEnclave.edl --search-path ../CryptoEnclave --search-path $(SGX_SDK)/include
	@echo "GEN  =>  $@"

# Not a target:
/opt/intel/sgxsdk/bin/x64/sgx_edger8r:
#  Implicit rule search has been done.
#  Last modified 2021-10-28 16:04:34.436870453
#  File has been updated.
#  Successfully updated.

# Not a target:
CryptoTestingApp/Data_Owner.cpp:
#  Implicit rule search has been done.
#  Last modified 2023-02-09 19:52:37.782939077
#  File has been updated.
#  Successfully updated.

# Not a target:
CryptoTestingApp/Client.cpp:
#  Implicit rule search has been done.
#  Last modified 2023-02-09 19:52:37.782939077
#  File has been updated.
#  Successfully updated.

# Not a target:
.SUFFIXES:
#  Implicit rule search has not been done.
#  Modification time never checked.
#  File has not been updated.

# Not a target:
Makefile:
#  Implicit rule search has been done.
#  Last modified 2023-02-09 19:52:37.778939016
#  File has been updated.
#  Successfully updated.

# Not a target:
CryptoEnclave/CryptoEnclave.o:
#  Implicit rule search has not been done.
#  Modification time never checked.
#  File has not been updated.

# Not a target:
CryptoEnclave/CryptoEnclave.edl:
#  Implicit rule search has been done.
#  Last modified 2023-02-09 19:52:37.778939016
#  File has been updated.
#  Successfully updated.

CryptoTestingApp/CryptoEnclave_u.c: /opt/intel/sgxsdk/bin/x64/sgx_edger8r CryptoEnclave/CryptoEnclave.edl
#  Implicit rule search has not been done.
#  Last modified 2023-02-09 19:52:37.778939016
#  File has been updated.
#  Successfully updated.
#  recipe to execute (from 'Makefile', line 137):
	@cd CryptoTestingApp && $(SGX_EDGER8R) --untrusted ../CryptoEnclave/CryptoEnclave.edl --search-path ../CryptoEnclave --search-path $(SGX_SDK)/include
	@echo "GEN  =>  $@"

cryptoTestingApp: CryptoTestingApp/CryptoEnclave_u.o CryptoTestingApp/CryptoTestingApp.o CryptoTestingApp/Server.o CryptoTestingApp/Utils.o CryptoTestingApp/Client.o CryptoTestingApp/Data_User.o CryptoTestingApp/Data_Owner.o
#  Implicit rule search has not been done.
#  Implicit/static pattern stem: ''
#  Last modified 2023-02-09 19:52:37.778939016
#  File has been updated.
#  Needs to be updated (-q is set).
# automatic
# @ := cryptoTestingApp
# automatic
# % := 
# automatic
# * := 
# automatic
# + := CryptoTestingApp/CryptoEnclave_u.o CryptoTestingApp/CryptoTestingApp.o CryptoTestingApp/Server.o CryptoTestingApp/Utils.o CryptoTestingApp/Client.o CryptoTestingApp/Data_User.o CryptoTestingApp/Data_Owner.o
# automatic
# | := 
# automatic
# < := CryptoTestingApp/CryptoEnclave_u.o
# automatic
# ^ := CryptoTestingApp/CryptoEnclave_u.o CryptoTestingApp/CryptoTestingApp.o CryptoTestingApp/Server.o CryptoTestingApp/Utils.o CryptoTestingApp/Client.o CryptoTestingApp/Data_User.o CryptoTestingApp/Data_Owner.o
# automatic
# ? := CryptoTestingApp/CryptoTestingApp.o CryptoTestingApp/Server.o CryptoTestingApp/Utils.o CryptoTestingApp/Client.o CryptoTestingApp/Data_User.o CryptoTestingApp/Data_Owner.o
# variable set hash-table stats:
# Load=8/32=25%, Rehash=0, Collisions=1/16=6%
#  recipe to execute (from 'Makefile', line 146):
	@$(CXX) $^ -o $@ $(App_Link_Flags)
	@echo "LINK =>  $@"

# Not a target:
CryptoTestingApp/Server.cpp:
#  Implicit rule search has been done.
#  Last modified 2023-02-09 19:52:37.782939077
#  File has been updated.
#  Successfully updated.

# Not a target:
CryptoTestingApp/CryptoTestingApp.cpp:
#  Implicit rule search has been done.
#  Last modified 2023-02-09 19:52:37.782939077
#  File has been updated.
#  Successfully updated.

CryptoEnclave.signed.so: CryptoEnclave.so
#  Implicit rule search has not been done.
#  Modification time never checked.
#  File has not been updated.
#  recipe to execute (from 'Makefile', line 163):
	@$(SGX_ENCLAVE_SIGNER) sign -key CryptoEnclave/CryptoEnclave_private.pem -enclave $(CryptoEnclave_Name) -out $@ -config $(CryptoEnclave_Config_File)
	@echo "SIGN =>  $@"

# Not a target:
CryptoTestingApp/Utils.cpp:
#  Implicit rule search has been done.
#  Last modified 2023-02-09 19:52:37.782939077
#  File has been updated.
#  Successfully updated.

CryptoTestingApp/Data_User.o: CryptoTestingApp/Data_User.cpp
#  Implicit rule search has been done.
#  Implicit/static pattern stem: 'Data_User'
#  Last modified 2023-02-09 19:52:37.782939077
#  File has been updated.
#  Successfully updated.
#  recipe to execute (from 'Makefile', line 143):
	@$(CXX) $(App_Cpp_Flags) -c $< -o $@
	@echo "CXX  <=  $<"

# Not a target:
.DEFAULT:
#  Implicit rule search has not been done.
#  Modification time never checked.
#  File has not been updated.

CryptoTestingApp/Data_Owner.o: CryptoTestingApp/Data_Owner.cpp
#  Implicit rule search has been done.
#  Implicit/static pattern stem: 'Data_Owner'
#  Last modified 2023-02-09 19:52:37.782939077
#  File has been updated.
#  Successfully updated.
#  recipe to execute (from 'Makefile', line 143):
	@$(CXX) $(App_Cpp_Flags) -c $< -o $@
	@echo "CXX  <=  $<"

run: all
#  Phony target (prerequisite of .PHONY).
#  Implicit rule search has not been done.
#  File does not exist.
#  File has not been updated.

CryptoTestingApp/Client.o: CryptoTestingApp/Client.cpp
#  Implicit rule search has been done.
#  Implicit/static pattern stem: 'Client'
#  Last modified 2023-02-09 19:52:37.782939077
#  File has been updated.
#  Successfully updated.
#  recipe to execute (from 'Makefile', line 143):
	@$(CXX) $(App_Cpp_Flags) -c $< -o $@
	@echo "CXX  <=  $<"
 

clean:
#  Phony target (prerequisite of .PHONY).
#  Implicit rule search has not been done.
#  File does not exist.
#  File has not been updated.
#  recipe to execute (from 'Makefile', line 168):
	@rm -f $(App_Name) $(CryptoEnclave_Name) $(Signed_CryptoEnclave_Name) $(App_Cpp_Objects) CryptoTestingApp/CryptoEnclave_u.* $(CryptoEnclave_Cpp_Objects) CryptoEnclave/CryptoEnclave_t.*

CryptoEnclave/CryptoEnclave_t.o: CryptoEnclave/CryptoEnclave_t.c
#  Implicit rule search has not been done.
#  Modification time never checked.
#  File has not been updated.
#  recipe to execute (from 'Makefile', line 154):
	@$(CC) $(CryptoEnclave_C_Flags) -c $< -o $@
	@echo "CC   <=  $<"

CryptoTestingApp/Server.o: CryptoTestingApp/Server.cpp
#  Implicit rule search has been done.
#  Implicit/static pattern stem: 'Server'
#  Last modified 2023-02-09 19:52:37.782939077
#  File has been updated.
#  Successfully updated.
#  recipe to execute (from 'Makefile', line 143):
	@$(CXX) $(App_Cpp_Flags) -c $< -o $@
	@echo "CXX  <=  $<"

CryptoTestingApp/CryptoTestingApp.o: CryptoTestingApp/CryptoTestingApp.cpp
#  Implicit rule search has been done.
#  Implicit/static pattern stem: 'CryptoTestingApp'
#  Last modified 2023-02-09 19:52:37.782939077
#  File has been updated.
#  Successfully updated.
#  recipe to execute (from 'Makefile', line 143):
	@$(CXX) $(App_Cpp_Flags) -c $< -o $@
	@echo "CXX  <=  $<"

CryptoEnclave.so: CryptoEnclave/CryptoEnclave_t.o CryptoEnclave/CryptoEnclave.o CryptoEnclave/EnclaveUtils.o
#  Implicit rule search has not been done.
#  Modification time never checked.
#  File has not been updated.
#  recipe to execute (from 'Makefile', line 160):
	@$(CXX) $^ -o $@ $(CryptoEnclave_Link_Flags)
	@echo "LINK =>  $@"

CryptoTestingApp/Utils.o: CryptoTestingApp/Utils.cpp
#  Implicit rule search has been done.
#  Implicit/static pattern stem: 'Utils'
#  Last modified 2023-02-09 19:52:37.782939077
#  File has been updated.
#  Successfully updated.
#  recipe to execute (from 'Makefile', line 143):
	@$(CXX) $(App_Cpp_Flags) -c $< -o $@
	@echo "CXX  <=  $<"

# files hash-table stats:
# Load=30/1024=3%, Rehash=0, Collisions=1/88=1%
# VPATH Search Paths

# No 'vpath' search paths.

# No general ('VPATH' variable) search path.

# strcache buffers: 1 (0) / strings = 94 / storage = 1558 B / avg = 16 B
# current buf: size = 8162 B / used = 1558 B / count = 94 / avg = 16 B

# strcache performance: lookups = 143 / hit rate = 34%
# hash-table stats:
# Load=94/8192=1%, Rehash=0, Collisions=3/143=2%
# Finished Make data base on Sun Mar 12 21:22:18 2023

 
